


ARM Macro Assembler    Page 1 


    1 00000000                 AREA             ADDITION , CODE, READONLY
    2 00000000         ENTRY
    3 00000000         START
    4 00000000 E3A05006        MOV              R5,#6
    5 00000004 E3A00000        MOV              R0,#0
    6 00000008 E59F1028        LDR              R1,=VALUE1
    7 0000000C         LOOP
    8 0000000C E4D13002        LDRB             R3,[R1],#02
    9 00000010 E0800003        ADD              R0,R0,R3
   10 00000014 E2555001        SUBS             R5,R5,#1
   11 00000018 E3550000        CMP              R5,#0
   12 0000001C 1AFFFFFA        BNE              LOOP
   13 00000020 E59F4014        LDR              R4,=RESULT
   14 00000024 E5840000        STR              R0,[R4]
   15 00000028 EAFFFFFE 
                       JMP     B                JMP
   16 0000002C 11 11 22 
              22 33 33 
              AA AA BB 
              BB CC CC VALUE1  DCW              0X1111,0X2222,0X3333,0XAAAA,0XB
BBB,0XCCCC
   17 00000038 00000000 
              00000000         AREA             DATA2,DATA,READWRITE
   18 00000000 00000000 
                       RESULT  DCD              0X0
   19 00000004                 END
Command Line: --debug --xref --diag_suppress=9931 --apcs=interwork --depend=.\o
bjects\prg4.d -o.\objects\prg4.o -IC:\Keil_v5\ARM\RV31\INC -IC:\Keil_v5\ARM\CMS
IS\Include -IC:\Keil_v5\ARM\INC\Philips --predefine="__EVAL SETA 1" --predefine
="__UVISION_VERSION SETA 529" --list=.\listings\prg4.lst prg4.asm



ARM Macro Assembler    Page 1 Alphabetic symbol ordering
Relocatable symbols

ADDITION 00000000

Symbol: ADDITION
   Definitions
      At line 1 in file prg4.asm
   Uses
      None
Comment: ADDITION unused
ENTRY 00000000

Symbol: ENTRY
   Definitions
      At line 2 in file prg4.asm
   Uses
      None
Comment: ENTRY unused
JMP 00000028

Symbol: JMP
   Definitions
      At line 15 in file prg4.asm
   Uses
      At line 15 in file prg4.asm
Comment: JMP used once
LOOP 0000000C

Symbol: LOOP
   Definitions
      At line 7 in file prg4.asm
   Uses
      At line 12 in file prg4.asm
Comment: LOOP used once
START 00000000

Symbol: START
   Definitions
      At line 3 in file prg4.asm
   Uses
      None
Comment: START unused
VALUE1 0000002C

Symbol: VALUE1
   Definitions
      At line 16 in file prg4.asm
   Uses
      At line 6 in file prg4.asm
Comment: VALUE1 used once
6 symbols



ARM Macro Assembler    Page 1 Alphabetic symbol ordering
Relocatable symbols

DATA2 00000000

Symbol: DATA2
   Definitions
      At line 17 in file prg4.asm
   Uses
      None
Comment: DATA2 unused
RESULT 00000000

Symbol: RESULT
   Definitions
      At line 18 in file prg4.asm
   Uses
      At line 13 in file prg4.asm
Comment: RESULT used once
2 symbols
342 symbols in table
