


ARM Macro Assembler    Page 1 


    1 00000000                 AREA             SQUARE, CODE, READONLY
    2 00000000         ENTRY
    3 00000000         START
    4 00000000 E59F003C        LDR              R0,=TABLE1
    5 00000004 E3A01002        MOV              R1,#02
    6 00000008 E1A01101        MOV              R1,R1,LSL#0x2
    7 0000000C E0800001        ADD              R0,R0,R1
    8 00000010 E5903000        LDR              R3,[R0]
    9 00000014 EAFFFFFE 
                       stop    b                stop
   10 00000018 00000000 
                       TABLE1  DCD              0X00000000
   11 0000001C 00000001        DCD              0X00000001
   12 00000020 00000004        DCD              0X00000004
   13 00000024 00000009        DCD              0X00000009
   14 00000028 00000010        DCD              0X00000010
   15 0000002C 00000019        DCD              0X00000019
   16 00000030 00000024        DCD              0X00000024
   17 00000034 00000031        DCD              0X00000031
   18 00000038 00000040        DCD              0X00000040
   19 0000003C 00000051        DCD              0X00000051
   20 00000040 00000064        DCD              0X00000064
   21 00000044                 END
              00000000 
Command Line: --debug --xref --diag_suppress=9931 --apcs=interwork --depend=.\o
bjects\prg5.d -o.\objects\prg5.o -IC:\Keil_v5\ARM\RV31\INC -IC:\Keil_v5\ARM\CMS
IS\Include -IC:\Keil_v5\ARM\INC\Philips --predefine="__EVAL SETA 1" --predefine
="__UVISION_VERSION SETA 529" --list=.\listings\prg5.lst prg5.asm



ARM Macro Assembler    Page 1 Alphabetic symbol ordering
Relocatable symbols

ENTRY 00000000

Symbol: ENTRY
   Definitions
      At line 2 in file prg5.asm
   Uses
      None
Comment: ENTRY unused
SQUARE 00000000

Symbol: SQUARE
   Definitions
      At line 1 in file prg5.asm
   Uses
      None
Comment: SQUARE unused
START 00000000

Symbol: START
   Definitions
      At line 3 in file prg5.asm
   Uses
      None
Comment: START unused
TABLE1 00000018

Symbol: TABLE1
   Definitions
      At line 10 in file prg5.asm
   Uses
      At line 4 in file prg5.asm
Comment: TABLE1 used once
stop 00000014

Symbol: stop
   Definitions
      At line 9 in file prg5.asm
   Uses
      At line 9 in file prg5.asm
Comment: stop used once
5 symbols
339 symbols in table
