


ARM Macro Assembler    Page 1 


    1 00000000                 AREA             ASC_PRG, CODE, READONLY
    2 00000000 E3A05004        MOV              R5,#4
    3 00000004 E1A06005 
                       OUTER   MOV              R6,R5
    4 00000008 E3A00101        LDR              R0,=0X40000000
    5 0000000C E5901000 
                       INNER   LDR              R1,[R0]
    6 00000010 E5902004        LDR              R2,[R0,#4]
    7 00000014 E1510002        CMP              R1,R2
    8 00000018 3A000000        BLO              SKIP
    9 0000001C E5802000        STR              R2,[R0]
   10 00000020 E2800004 
                       SKIP    ADD              R0,R0,#4
   11 00000024 E2566001        SUBS             R6,#1
   12 00000028 1AFFFFF7        BNE              INNER
   13 0000002C E2555001        SUBS             R5,#1
   14 00000030 1AFFFFF3        BNE              OUTER
   15 00000034 EAFFFFFE 
                       LOOP    B                LOOP
   16 00000038                 END
Command Line: --debug --xref --diag_suppress=9931 --apcs=interwork --depend=.\o
bjects\prg7.d -o.\objects\prg7.o -IC:\Keil_v5\ARM\RV31\INC -IC:\Keil_v5\ARM\CMS
IS\Include -IC:\Keil_v5\ARM\INC\Philips --predefine="__EVAL SETA 1" --predefine
="__UVISION_VERSION SETA 529" --list=.\listings\prg7.lst prg7.asm



ARM Macro Assembler    Page 1 Alphabetic symbol ordering
Relocatable symbols

ASC_PRG 00000000

Symbol: ASC_PRG
   Definitions
      At line 1 in file prg7.asm
   Uses
      None
Comment: ASC_PRG unused
INNER 0000000C

Symbol: INNER
   Definitions
      At line 5 in file prg7.asm
   Uses
      At line 12 in file prg7.asm
Comment: INNER used once
LOOP 00000034

Symbol: LOOP
   Definitions
      At line 15 in file prg7.asm
   Uses
      At line 15 in file prg7.asm
Comment: LOOP used once
OUTER 00000004

Symbol: OUTER
   Definitions
      At line 3 in file prg7.asm
   Uses
      At line 14 in file prg7.asm
Comment: OUTER used once
SKIP 00000020

Symbol: SKIP
   Definitions
      At line 10 in file prg7.asm
   Uses
      At line 8 in file prg7.asm
Comment: SKIP used once
5 symbols
337 symbols in table
